#
# There is insufficient memory for the Java Runtime Environment to continue.
# Native memory allocation (malloc) failed to allocate 1051360 bytes for Chunk::new
# Possible reasons:
#   The system is out of physical RAM or swap space
#   In 32 bit mode, the process size limit was hit
# Possible solutions:
#   Reduce memory load on the system
#   Increase physical memory or swap space
#   Check if swap backing store is full
#   Use 64 bit Java on a 64 bit OS
#   Decrease Java heap size (-Xmx/-Xms)
#   Decrease number of Java threads
#   Decrease Java thread stack sizes (-Xss)
#   Set larger code cache with -XX:ReservedCodeCacheSize=
# This output file may be truncated or incomplete.
#
#  Out of Memory Error (allocation.cpp:390), pid=5744, tid=0x00000000000014c0
#
# JRE version: OpenJDK Runtime Environment (8.0_152-b01) (build 1.8.0_152-release-1343-b01)
# Java VM: OpenJDK 64-Bit Server VM (25.152-b01 mixed mode windows-amd64 compressed oops)
# Failed to write core dump. Minidumps are not enabled by default on client versions of Windows
#

---------------  T H R E A D  ---------------

Current thread (0x000000001680e800):  JavaThread "C2 CompilerThread1" daemon [_thread_in_native, id=5312, stack(0x0000000017f70000,0x0000000018070000)]

Stack: [0x0000000017f70000,0x0000000018070000]
[error occurred during error reporting (printing stack bounds), id 0xc0000005]

Native frames: (J=compiled Java code, j=interpreted, Vv=VM code, C=native code)


Current CompileTask:
C2:1657523 18446       4       com.android.tools.r8.ir.optimize.CodeRewriter::shortenLiveRangesInsideBlock (434 bytes)


---------------  P R O C E S S  ---------------

Java Threads: ( => current thread )
  0x000000001e6c1000 JavaThread "ForkJoinPool-1-worker-1" daemon [_thread_in_native, id=11032, stack(0x0000000024880000,0x0000000024980000)]
  0x000000001e6be000 JavaThread "Cache worker for Java compile cache (C:\Users\Birva\AndroidStudioProjects\CustomImageSearch\.gradle\5.1.1\javaCompile)" [_thread_blocked, id=2340, stack(0x0000000024980000,0x0000000024a80000)]
  0x000000001e6ba800 JavaThread "Cache worker for Java compile cache (C:\Users\Birva\.gradle\caches\5.1.1\javaCompile)" [_thread_blocked, id=3840, stack(0x0000000024780000,0x0000000024880000)]
  0x000000001e6c0000 JavaThread "stdout" daemon [_thread_in_native, id=7404, stack(0x0000000025080000,0x0000000025180000)]
  0x000000001e6bd000 JavaThread "stderr" daemon [_thread_in_native, id=12684, stack(0x0000000024f80000,0x0000000025080000)]
  0x0000000019a81000 JavaThread "stdout" daemon [_thread_in_native, id=9520, stack(0x0000000024e80000,0x0000000024f80000)]
  0x0000000019a7e000 JavaThread "stderr" daemon [_thread_in_native, id=14580, stack(0x0000000024d80000,0x0000000024e80000)]
  0x000000001ce48800 JavaThread "stdout" daemon [_thread_in_native, id=4240, stack(0x0000000024c80000,0x0000000024d80000)]
  0x000000001ce47000 JavaThread "stderr" daemon [_thread_in_native, id=352, stack(0x0000000024b80000,0x0000000024c80000)]
  0x000000001ce46000 JavaThread "pool-6-thread-1" [_thread_blocked, id=3876, stack(0x0000000024a80000,0x0000000024b80000)]
  0x000000001ce44800 JavaThread "Cache worker for execution history cache (C:\Users\Birva\AndroidStudioProjects\CustomImageSearch\.gradle\5.1.1\executionHistory)" [_thread_blocked, id=8912, stack(0x0000000024480000,0x0000000024580000)]
  0x000000001ce3d000 JavaThread "Execution worker for ':' Thread 3" [_thread_blocked, id=9788, stack(0x0000000024380000,0x0000000024480000)]
  0x000000001ce44000 JavaThread "Execution worker for ':' Thread 2" [_thread_blocked, id=11296, stack(0x0000000024280000,0x0000000024380000)]
  0x000000001ce3c800 JavaThread "Execution worker for ':'" [_thread_blocked, id=4684, stack(0x0000000024180000,0x0000000024280000)]
  0x000000001ce43000 JavaThread "Cache worker for file content cache (C:\Users\Birva\AndroidStudioProjects\CustomImageSearch\.gradle\5.1.1\fileContent)" [_thread_blocked, id=2880, stack(0x0000000024080000,0x0000000024180000)]
  0x000000001ce40000 JavaThread "Cache worker for file content cache (C:\Users\Birva\.gradle\caches\5.1.1\fileContent)" [_thread_blocked, id=12648, stack(0x0000000023f80000,0x0000000024080000)]
  0x000000001ce3f800 JavaThread "Cache worker for Build Output Cleanup Cache (C:\Users\Birva\AndroidStudioProjects\CustomImageSearch\.gradle\buildOutputCleanup)" [_thread_blocked, id=1668, stack(0x0000000023e80000,0x0000000023f80000)]
  0x000000001ce41000 JavaThread "Build operations Thread 4" [_thread_blocked, id=5696, stack(0x0000000022630000,0x0000000022730000)]
  0x000000001ce42800 JavaThread "Build operations Thread 3" [_thread_blocked, id=1392, stack(0x0000000021f30000,0x0000000022030000)]
  0x000000001cfe3800 JavaThread "Build operations Thread 2" [_thread_blocked, id=2936, stack(0x0000000020250000,0x0000000020350000)]
  0x000000001cfe9800 JavaThread "Build operations" [_thread_blocked, id=10144, stack(0x000000001f090000,0x000000001f190000)]
  0x000000001cfe9000 JavaThread "Cache worker for cache directory md-rule (C:\Users\Birva\.gradle\caches\5.1.1\md-rule)" [_thread_blocked, id=9716, stack(0x000000001d660000,0x000000001d760000)]
  0x000000001cfe8000 JavaThread "Cache worker for cache directory md-supplier (C:\Users\Birva\.gradle\caches\5.1.1\md-supplier)" [_thread_blocked, id=9780, stack(0x000000001d560000,0x000000001d660000)]
  0x000000001cfe6800 JavaThread "Cache worker for file hash cache (C:\Users\Birva\AndroidStudioProjects\CustomImageSearch\.gradle\5.1.1\fileHashes)" [_thread_blocked, id=9428, stack(0x000000001afc0000,0x000000001b0c0000)]
  0x000000001cfdc000 JavaThread "Thread-61" [_thread_blocked, id=14876, stack(0x000000001acc0000,0x000000001adc0000)]
  0x000000001cfe0000 JavaThread "Stdin handler" [_thread_blocked, id=6216, stack(0x000000001abc0000,0x000000001acc0000)]
  0x000000001cfdb800 JavaThread "Asynchronous log dispatcher for DefaultDaemonConnection: socket connection from /127.0.0.1:7219 to /127.0.0.1:8069" [_thread_blocked, id=15000, stack(0x000000001a8c0000,0x000000001a9c0000)]
  0x000000001cfdd000 JavaThread "Daemon worker Thread 3" [_thread_blocked, id=7516, stack(0x000000001a7c0000,0x000000001a8c0000)]
  0x000000001cfe2000 JavaThread "Cancel handler" [_thread_blocked, id=14000, stack(0x0000000001240000,0x0000000001340000)]
  0x000000001cfda800 JavaThread "Handler for socket connection from /127.0.0.1:7219 to /127.0.0.1:8069" [_thread_in_native, id=11916, stack(0x0000000001140000,0x0000000001240000)]
  0x000000001cfe0800 JavaThread "Daemon Thread 3" [_thread_blocked, id=13348, stack(0x0000000001040000,0x0000000001140000)]
  0x000000001cfe4800 JavaThread "Memory manager" [_thread_blocked, id=4776, stack(0x0000000022730000,0x0000000022830000)]
  0x000000001cfe1800 JavaThread "Cache worker for execution history cache (C:\Users\Birva\.gradle\caches\5.1.1\executionHistory)" [_thread_blocked, id=15232, stack(0x0000000020850000,0x0000000020950000)]
  0x0000000019a82000 JavaThread "Cache worker for journal cache (C:\Users\Birva\.gradle\caches\journal-1)" [_thread_blocked, id=15016, stack(0x000000001b2c0000,0x000000001b3c0000)]
  0x0000000019a80800 JavaThread "File lock request listener" [_thread_in_native, id=13504, stack(0x000000001b1c0000,0x000000001b2c0000)]
  0x0000000019963800 JavaThread "Cache worker for file hash cache (C:\Users\Birva\.gradle\caches\5.1.1\fileHashes)" [_thread_blocked, id=10112, stack(0x000000001b0c0000,0x000000001b1c0000)]
  0x0000000019913800 JavaThread "Daemon periodic checks" [_thread_blocked, id=14620, stack(0x000000001a6c0000,0x000000001a7c0000)]
  0x0000000019905000 JavaThread "Incoming local TCP Connector on port 7219" [_thread_in_native, id=12840, stack(0x000000001a480000,0x000000001a580000)]
  0x000000001819c000 JavaThread "Service Thread" daemon [_thread_blocked, id=11400, stack(0x0000000018570000,0x0000000018670000)]
  0x000000001681c000 JavaThread "C1 CompilerThread2" daemon [_thread_blocked, id=10680, stack(0x0000000018070000,0x0000000018170000)]
=>0x000000001680e800 JavaThread "C2 CompilerThread1" daemon [_thread_in_native, id=5312, stack(0x0000000017f70000,0x0000000018070000)]
  0x000000001680b800 JavaThread "C2 CompilerThread0" daemon [_thread_in_native, id=13356, stack(0x0000000017e70000,0x0000000017f70000)]
  0x0000000016818000 JavaThread "Attach Listener" daemon [_thread_blocked, id=2120, stack(0x0000000017d70000,0x0000000017e70000)]
  0x0000000016816800 JavaThread "Signal Dispatcher" daemon [_thread_blocked, id=636, stack(0x0000000017c70000,0x0000000017d70000)]
  0x0000000002e9c000 JavaThread "Finalizer" daemon [_thread_blocked, id=8700, stack(0x0000000017a70000,0x0000000017b70000)]
  0x0000000002e91000 JavaThread "Reference Handler" daemon [_thread_blocked, id=15096, stack(0x0000000017970000,0x0000000017a70000)]
  0x000000000138e000 JavaThread "main" [_thread_blocked, id=10524, stack(0x0000000002c40000,0x0000000002d40000)]

Other Threads:
  0x00000000167d7800 VMThread [stack: 0x0000000017870000,0x0000000017970000] [id=11496]
  0x000000001819c800 WatcherThread [stack: 0x0000000018670000,0x0000000018770000] [id=14728]

VM state:not at safepoint (normal execution)

VM Mutex/Monitor currently owned by a thread: None

Heap:
 PSYoungGen      total 356864K, used 120360K [0x00000000e0000000, 0x00000000f9a00000, 0x0000000100000000)
  eden space 321024K, 34% used [0x00000000e0000000,0x00000000e6b435e0,0x00000000f3980000)
  from space 35840K, 29% used [0x00000000f5980000,0x00000000f63c6b48,0x00000000f7c80000)
  to   space 32768K, 0% used [0x00000000f3980000,0x00000000f3980000,0x00000000f5980000)
 ParOldGen       total 126464K, used 106984K [0x00000000a0000000, 0x00000000a7b80000, 0x00000000e0000000)
  object space 126464K, 84% used [0x00000000a0000000,0x00000000a687a150,0x00000000a7b80000)
 Metaspace       used 90366K, capacity 93962K, committed 94104K, reserved 1130496K
  class space    used 11459K, capacity 12144K, committed 12200K, reserved 1048576K

Card table byte_map: [0x0000000012260000,0x0000000012570000] byte_map_base: 0x0000000011d60000

Marking Bits: (ParMarkBitMap*) 0x0000000069135aa0
 Begin Bits: [0x0000000012b70000, 0x0000000014370000)
 End Bits:   [0x0000000014370000, 0x0000000015b70000)

Polling page: 0x0000000001370000

CodeCache: size=245760Kb used=51917Kb max_used=51917Kb free=193842Kb
 bounds [0x0000000002ea0000, 0x0000000006190000, 0x0000000011ea0000]
 total_blobs=16352 nmethods=15488 adapters=775
 compilation: enabled

Compilation events (10 events):
Event: 1657.424 Thread 0x000000001681c000 18496       2       org.gradle.api.specs.Specs::union (18 bytes)
Event: 1657.424 Thread 0x000000001681c000 nmethod 18496 0x0000000006189850 code [0x00000000061899c0, 0x0000000006189b58]
Event: 1657.425 Thread 0x000000001681c000 18497       2       org.gradle.internal.execution.history.changes.PropertyChanges$1::updated (11 bytes)
Event: 1657.425 Thread 0x000000001681c000 nmethod 18497 0x0000000006189c10 code [0x0000000006189d60, 0x0000000006189ef0]
Event: 1657.487 Thread 0x000000001681c000 18498   !   2       org.gradle.internal.resources.AbstractResourceLockRegistry::getOrRegisterResourceLock (30 bytes)
Event: 1657.488 Thread 0x000000001681c000 nmethod 18498 0x0000000006189f90 code [0x000000000618a140, 0x000000000618a628]
Event: 1657.488 Thread 0x000000001681c000 18499       2       org.gradle.api.tasks.util.PatternSet::getIncludeSpecs (19 bytes)
Event: 1657.488 Thread 0x000000001681c000 nmethod 18499 0x000000000618ad50 code [0x000000000618aee0, 0x000000000618b188]
Event: 1657.488 Thread 0x000000001681c000 18500       2       org.gradle.api.tasks.util.PatternSet::getIncludes (19 bytes)
Event: 1657.488 Thread 0x000000001681c000 nmethod 18500 0x000000000618b2d0 code [0x000000000618b460, 0x000000000618b708]

GC Heap History (10 events):
Event: 1649.644 GC heap before
{Heap before GC invocations=27 (full 3):
 PSYoungGen      total 301056K, used 270736K [0x00000000e0000000, 0x00000000f7f00000, 0x0000000100000000)
  eden space 262144K, 100% used [0x00000000e0000000,0x00000000f0000000,0x00000000f0000000)
  from space 38912K, 22% used [0x00000000f0000000,0x00000000f08640f0,0x00000000f2600000)
  to   space 38400K, 0% used [0x00000000f5980000,0x00000000f5980000,0x00000000f7f00000)
 ParOldGen       total 126464K, used 103076K [0x00000000a0000000, 0x00000000a7b80000, 0x00000000e0000000)
  object space 126464K, 81% used [0x00000000a0000000,0x00000000a64a9120,0x00000000a7b80000)
 Metaspace       used 90022K, capacity 93540K, committed 93848K, reserved 1130496K
  class space    used 11437K, capacity 12139K, committed 12200K, reserved 1048576K
Event: 1649.679 GC heap after
Heap after GC invocations=27 (full 3):
 PSYoungGen      total 350720K, used 10912K [0x00000000e0000000, 0x00000000f7c80000, 0x0000000100000000)
  eden space 314880K, 0% used [0x00000000e0000000,0x00000000e0000000,0x00000000f3380000)
  from space 35840K, 30% used [0x00000000f5980000,0x00000000f64280d0,0x00000000f7c80000)
  to   space 37376K, 0% used [0x00000000f3380000,0x00000000f3380000,0x00000000f5800000)
 ParOldGen       total 126464K, used 106352K [0x00000000a0000000, 0x00000000a7b80000, 0x00000000e0000000)
  object space 126464K, 84% used [0x00000000a0000000,0x00000000a67dc140,0x00000000a7b80000)
 Metaspace       used 90022K, capacity 93540K, committed 93848K, reserved 1130496K
  class space    used 11437K, capacity 12139K, committed 12200K, reserved 1048576K
}
Event: 1651.824 GC heap before
{Heap before GC invocations=28 (full 3):
 PSYoungGen      total 350720K, used 325792K [0x00000000e0000000, 0x00000000f7c80000, 0x0000000100000000)
  eden space 314880K, 100% used [0x00000000e0000000,0x00000000f3380000,0x00000000f3380000)
  from space 35840K, 30% used [0x00000000f5980000,0x00000000f64280d0,0x00000000f7c80000)
  to   space 37376K, 0% used [0x00000000f3380000,0x00000000f3380000,0x00000000f5800000)
 ParOldGen       total 126464K, used 106352K [0x00000000a0000000, 0x00000000a7b80000, 0x00000000e0000000)
  object space 126464K, 84% used [0x00000000a0000000,0x00000000a67dc140,0x00000000a7b80000)
 Metaspace       used 90142K, capacity 93680K, committed 93848K, reserved 1130496K
  class space    used 11437K, capacity 12139K, committed 12200K, reserved 1048576K
Event: 1651.853 GC heap after
Heap after GC invocations=28 (full 3):
 PSYoungGen      total 352256K, used 13377K [0x00000000e0000000, 0x00000000f7c80000, 0x0000000100000000)
  eden space 314880K, 0% used [0x00000000e0000000,0x00000000e0000000,0x00000000f3380000)
  from space 37376K, 35% used [0x00000000f3380000,0x00000000f40904e0,0x00000000f5800000)
  to   space 35840K, 0% used [0x00000000f5980000,0x00000000f5980000,0x00000000f7c80000)
 ParOldGen       total 126464K, used 106984K [0x00000000a0000000, 0x00000000a7b80000, 0x00000000e0000000)
  object space 126464K, 84% used [0x00000000a0000000,0x00000000a687a150,0x00000000a7b80000)
 Metaspace       used 90142K, capacity 93680K, committed 93848K, reserved 1130496K
  class space    used 11437K, capacity 12139K, committed 12200K, reserved 1048576K
}
Event: 1653.530 GC heap before
{Heap before GC invocations=29 (full 3):
 PSYoungGen      total 352256K, used 328257K [0x00000000e0000000, 0x00000000f7c80000, 0x0000000100000000)
  eden space 314880K, 100% used [0x00000000e0000000,0x00000000f3380000,0x00000000f3380000)
  from space 37376K, 35% used [0x00000000f3380000,0x00000000f40904e0,0x00000000f5800000)
  to   space 35840K, 0% used [0x00000000f5980000,0x00000000f5980000,0x00000000f7c80000)
 ParOldGen       total 126464K, used 106984K [0x00000000a0000000, 0x00000000a7b80000, 0x00000000e0000000)
  object space 126464K, 84% used [0x00000000a0000000,0x00000000a687a150,0x00000000a7b80000)
 Metaspace       used 90173K, capacity 93752K, committed 93848K, reserved 1130496K
  class space    used 11437K, capacity 12139K, committed 12200K, reserved 1048576K
Event: 1653.552 GC heap after
Heap after GC invocations=29 (full 3):
 PSYoungGen      total 350720K, used 12371K [0x00000000e0000000, 0x00000000f7c80000, 0x0000000100000000)
  eden space 314880K, 0% used [0x00000000e0000000,0x00000000e0000000,0x00000000f3380000)
  from space 35840K, 34% used [0x00000000f5980000,0x00000000f6594f90,0x00000000f7c80000)
  to   space 37376K, 0% used [0x00000000f3380000,0x00000000f3380000,0x00000000f5800000)
 ParOldGen       total 126464K, used 106984K [0x00000000a0000000, 0x00000000a7b80000, 0x00000000e0000000)
  object space 126464K, 84% used [0x00000000a0000000,0x00000000a687a150,0x00000000a7b80000)
 Metaspace       used 90173K, capacity 93752K, committed 93848K, reserved 1130496K
  class space    used 11437K, capacity 12139K, committed 12200K, reserved 1048576K
}
Event: 1655.117 GC heap before
{Heap before GC invocations=30 (full 3):
 PSYoungGen      total 350720K, used 327251K [0x00000000e0000000, 0x00000000f7c80000, 0x0000000100000000)
  eden space 314880K, 100% used [0x00000000e0000000,0x00000000f3380000,0x00000000f3380000)
  from space 35840K, 34% used [0x00000000f5980000,0x00000000f6594f90,0x00000000f7c80000)
  to   space 37376K, 0% used [0x00000000f3380000,0x00000000f3380000,0x00000000f5800000)
 ParOldGen       total 126464K, used 106984K [0x00000000a0000000, 0x00000000a7b80000, 0x00000000e0000000)
  object space 126464K, 84% used [0x00000000a0000000,0x00000000a687a150,0x00000000a7b80000)
 Metaspace       used 90192K, capacity 93816K, committed 94104K, reserved 1130496K
  class space    used 11437K, capacity 12139K, committed 12200K, reserved 1048576K
Event: 1655.142 GC heap after
Heap after GC invocations=30 (full 3):
 PSYoungGen      total 352256K, used 12634K [0x00000000e0000000, 0x00000000f7c80000, 0x0000000100000000)
  eden space 314880K, 0% used [0x00000000e0000000,0x00000000e0000000,0x00000000f3380000)
  from space 37376K, 33% used [0x00000000f3380000,0x00000000f3fd6b78,0x00000000f5800000)
  to   space 35840K, 0% used [0x00000000f5980000,0x00000000f5980000,0x00000000f7c80000)
 ParOldGen       total 126464K, used 106984K [0x00000000a0000000, 0x00000000a7b80000, 0x00000000e0000000)
  object space 126464K, 84% used [0x00000000a0000000,0x00000000a687a150,0x00000000a7b80000)
 Metaspace       used 90192K, capacity 93816K, committed 94104K, reserved 1130496K
  class space    used 11437K, capacity 12139K, committed 12200K, reserved 1048576K
}
Event: 1656.811 GC heap before
{Heap before GC invocations=31 (full 3):
 PSYoungGen      total 352256K, used 327514K [0x00000000e0000000, 0x00000000f7c80000, 0x0000000100000000)
  eden space 314880K, 100% used [0x00000000e0000000,0x00000000f3380000,0x00000000f3380000)
  from space 37376K, 33% used [0x00000000f3380000,0x00000000f3fd6b78,0x00000000f5800000)
  to   space 35840K, 0% used [0x00000000f5980000,0x00000000f5980000,0x00000000f7c80000)
 ParOldGen       total 126464K, used 106984K [0x00000000a0000000, 0x00000000a7b80000, 0x00000000e0000000)
  object space 126464K, 84% used [0x00000000a0000000,0x00000000a687a150,0x00000000a7b80000)
 Metaspace       used 90223K, capacity 93820K, committed 94104K, reserved 1130496K
  class space    used 11437K, capacity 12139K, committed 12200K, reserved 1048576K
Event: 1656.827 GC heap after
Heap after GC invocations=31 (full 3):
 PSYoungGen      total 356864K, used 10522K [0x00000000e0000000, 0x00000000f9a00000, 0x0000000100000000)
  eden space 321024K, 0% used [0x00000000e0000000,0x00000000e0000000,0x00000000f3980000)
  from space 35840K, 29% used [0x00000000f5980000,0x00000000f63c6b48,0x00000000f7c80000)
  to   space 32768K, 0% used [0x00000000f3980000,0x00000000f3980000,0x00000000f5980000)
 ParOldGen       total 126464K, used 106984K [0x00000000a0000000, 0x00000000a7b80000, 0x00000000e0000000)
  object space 126464K, 84% used [0x00000000a0000000,0x00000000a687a150,0x00000000a7b80000)
 Metaspace       used 90223K, capacity 93820K, committed 94104K, reserved 1130496K
  class space    used 11437K, capacity 12139K, committed 12200K, reserved 1048576K
}

Deoptimization events (10 events):
Event: 1653.889 Thread 0x000000001ce44000 Uncommon trap: reason=unstable_if action=reinterpret pc=0x0000000005f2c950 method=com.android.tools.r8.ir.regalloc.LinearScanRegisterAllocator.computeDebugInfo(Lcom/android/tools/r8/com/google/common/collect/ImmutableList;Ljava/util/List;Lcom/android/tool
Event: 1654.166 Thread 0x000000001ce44000 Uncommon trap: reason=unstable_if action=reinterpret pc=0x0000000003b6b860 method=com.android.tools.r8.ir.conversion.JarState.getOutgoingLocalInfoForRegister(I)Lcom/android/tools/r8/graph/DebugLocalInfo; @ 56
Event: 1654.450 Thread 0x000000001ce44000 Uncommon trap: reason=unstable_if action=reinterpret pc=0x0000000006074904 method=com.android.tools.r8.ir.conversion.JarState$Slot.isReferenceCompatible(Lcom/android/tools/r8/org/objectweb/asm/Type;Lcom/android/tools/r8/org/objectweb/asm/Type;)Z @ 95
Event: 1654.450 Thread 0x000000001ce44000 Uncommon trap: reason=unstable_if action=reinterpret pc=0x0000000004a0398c method=com.android.tools.r8.ir.conversion.JarState$Slot.isReferenceCompatible(Lcom/android/tools/r8/org/objectweb/asm/Type;Lcom/android/tools/r8/org/objectweb/asm/Type;)Z @ 95
Event: 1654.994 Thread 0x000000001ce44000 Uncommon trap: reason=unstable_if action=reinterpret pc=0x00000000060bf318 method=com.android.tools.r8.ir.regalloc.LinearScanRegisterAllocator.overlapsMoveExceptionInterval(Lcom/android/tools/r8/ir/regalloc/LiveIntervals;)Z @ 21
Event: 1655.802 Thread 0x000000001ce44000 Uncommon trap: reason=unstable_if action=reinterpret pc=0x0000000005d56aa0 method=com.android.tools.r8.org.objectweb.asm.ClassReader.readMethod(Lcom/android/tools/r8/org/objectweb/asm/ClassVisitor;Lcom/android/tools/r8/org/objectweb/asm/Context;I)I @ 333
Event: 1657.028 Thread 0x000000001ce44000 Uncommon trap: reason=unstable_if action=reinterpret pc=0x0000000004e8b75c method=com.android.ide.common.blame.SourceFilePosition.equals(Ljava/lang/Object;)Z @ 2
Event: 1657.028 Thread 0x000000001ce44000 Uncommon trap: reason=unstable_if action=reinterpret pc=0x0000000004ea2b6c method=com.google.common.base.Objects.equal(Ljava/lang/Object;Ljava/lang/Object;)Z @ 6
Event: 1657.292 Thread 0x000000001ce44000 Uncommon trap: reason=null_check action=make_not_entrant pc=0x0000000005f04760 method=com.android.tools.r8.ir.optimize.CodeRewriter.simplifyArrayConstruction(Lcom/android/tools/r8/ir/code/IRCode;)V @ 563
Event: 1657.497 Thread 0x000000001e6c1000 Uncommon trap: reason=unstable_if action=reinterpret pc=0x0000000004b3f9cc method=java.nio.file.FileTreeWalker.getAttributes(Ljava/nio/file/Path;Z)Ljava/nio/file/attribute/BasicFileAttributes; @ 35

Classes redefined (0 events):
No events

Internal exceptions (10 events):
Event: 1654.371 Thread 0x000000001ce44000 Exception <a 'sun/nio/fs/WindowsException'> (0x00000000e8142f70) thrown at [D:\src\AOSP-openjdk-cygwin\jdk8u\hotspot\src\share\vm\prims\jni.cpp, line 709]
Event: 1655.760 Thread 0x000000001ce44000 Exception <a 'sun/nio/fs/WindowsException'> (0x00000000e70139a8) thrown at [D:\src\AOSP-openjdk-cygwin\jdk8u\hotspot\src\share\vm\prims\jni.cpp, line 709]
Event: 1655.798 Thread 0x000000001ce44000 Exception <a 'sun/nio/fs/WindowsException'> (0x00000000e739def0) thrown at [D:\src\AOSP-openjdk-cygwin\jdk8u\hotspot\src\share\vm\prims\jni.cpp, line 709]
Event: 1656.542 Thread 0x000000001ce44000 Exception <a 'sun/nio/fs/WindowsException'> (0x00000000ef25dbf8) thrown at [D:\src\AOSP-openjdk-cygwin\jdk8u\hotspot\src\share\vm\prims\jni.cpp, line 709]
Event: 1656.573 Thread 0x000000001ce44000 Exception <a 'sun/nio/fs/WindowsException'> (0x00000000ef33a290) thrown at [D:\src\AOSP-openjdk-cygwin\jdk8u\hotspot\src\share\vm\prims\jni.cpp, line 709]
Event: 1657.021 Thread 0x000000001ce44000 Exception <a 'sun/nio/fs/WindowsException'> (0x00000000e2d10d80) thrown at [D:\src\AOSP-openjdk-cygwin\jdk8u\hotspot\src\share\vm\prims\jni.cpp, line 709]
Event: 1657.028 Thread 0x000000001ce44000 Implicit null exception at 0x0000000004ea249e to 0x0000000004ea2b59
Event: 1657.055 Thread 0x000000001ce44000 Exception <a 'sun/nio/fs/WindowsException'> (0x00000000e2ddf920) thrown at [D:\src\AOSP-openjdk-cygwin\jdk8u\hotspot\src\share\vm\prims\jni.cpp, line 709]
Event: 1657.292 Thread 0x000000001ce44000 Implicit null exception at 0x0000000005f02eb0 to 0x0000000005f04741
Event: 1657.381 Thread 0x000000001ce44000 Exception <a 'sun/nio/fs/WindowsException'> (0x00000000e64ec588) thrown at [D:\src\AOSP-openjdk-cygwin\jdk8u\hotspot\src\share\vm\prims\jni.cpp, line 709]

Events (10 events):
Event: 1657.495 loading class com/android/builder/dexing/DexArchives done
Event: 1657.495 loading class com/android/builder/dexing/DexArchive
Event: 1657.495 loading class com/android/builder/dexing/DexArchive done
Event: 1657.495 loading class com/android/builder/dexing/DirDexArchive
Event: 1657.495 loading class com/android/builder/dexing/DirDexArchive done
Event: 1657.496 loading class java/nio/file/FileTreeIterator
Event: 1657.496 loading class java/nio/file/FileTreeIterator done
Event: 1657.497 Thread 0x000000001e6c1000 Uncommon trap: trap_request=0xffffff65 fr.pc=0x0000000004b3f9cc
Event: 1657.497 Thread 0x000000001e6c1000 DEOPT PACKING pc=0x0000000004b3f9cc sp=0x000000002497e6d0
Event: 1657.497 Thread 0x000000001e6c1000 DEOPT UNPACKING pc=0x0000000002ee557b sp=0x000000002497e610 mode 2


Dynamic libraries:
0x00007ff65db90000 - 0x00007ff65dbc1000 	C:\Program Files\Android\Android Studio\jre\bin\java.exe
0x00007ffda2860000 - 0x00007ffda2a50000 	C:\WINDOWS\SYSTEM32\ntdll.dll
0x00007ffda1760000 - 0x00007ffda1812000 	C:\WINDOWS\System32\KERNEL32.DLL
0x00007ffd9fee0000 - 0x00007ffda0183000 	C:\WINDOWS\System32\KERNELBASE.dll
0x00007ffda1fc0000 - 0x00007ffda2063000 	C:\WINDOWS\System32\ADVAPI32.dll
0x00007ffda0e90000 - 0x00007ffda0f2e000 	C:\WINDOWS\System32\msvcrt.dll
0x00007ffda2670000 - 0x00007ffda2707000 	C:\WINDOWS\System32\sechost.dll
0x00007ffda0910000 - 0x00007ffda0a30000 	C:\WINDOWS\System32\RPCRT4.dll
0x00007ffda2140000 - 0x00007ffda22d3000 	C:\WINDOWS\System32\USER32.dll
0x00007ffd9f7f0000 - 0x00007ffd9f811000 	C:\WINDOWS\System32\win32u.dll
0x00007ffda2630000 - 0x00007ffda2656000 	C:\WINDOWS\System32\GDI32.dll
0x00007ffd9fa70000 - 0x00007ffd9fc04000 	C:\WINDOWS\System32\gdi32full.dll
0x00007ffd9fe40000 - 0x00007ffd9fede000 	C:\WINDOWS\System32\msvcp_win.dll
0x00007ffd9fc40000 - 0x00007ffd9fd3a000 	C:\WINDOWS\System32\ucrtbase.dll
0x00007ffd8f8a0000 - 0x00007ffd8fb25000 	C:\WINDOWS\WinSxS\amd64_microsoft.windows.common-controls_6595b64144ccf1df_6.0.18362.388_none_e6c6afa5130d5b6d\COMCTL32.dll
0x00007ffda0b50000 - 0x00007ffda0e86000 	C:\WINDOWS\System32\combase.dll
0x00007ffd9fd40000 - 0x00007ffd9fdc0000 	C:\WINDOWS\System32\bcryptPrimitives.dll
0x00007ffda1ec0000 - 0x00007ffda1eee000 	C:\WINDOWS\System32\IMM32.DLL
0x0000000069d90000 - 0x0000000069e62000 	C:\Program Files\Android\Android Studio\jre\jre\bin\msvcr100.dll
0x0000000068970000 - 0x00000000691b1000 	C:\Program Files\Android\Android Studio\jre\jre\bin\server\jvm.dll
0x00007ffda22e0000 - 0x00007ffda22e8000 	C:\WINDOWS\System32\PSAPI.DLL
0x00007ffd9cb70000 - 0x00007ffd9cb94000 	C:\WINDOWS\SYSTEM32\WINMM.dll
0x00007ffd998a0000 - 0x00007ffd998aa000 	C:\WINDOWS\SYSTEM32\VERSION.dll
0x00007ffd9e280000 - 0x00007ffd9e289000 	C:\WINDOWS\SYSTEM32\WSOCK32.dll
0x00007ffda2070000 - 0x00007ffda20df000 	C:\WINDOWS\System32\WS2_32.dll
0x00007ffd9c9a0000 - 0x00007ffd9c9cd000 	C:\WINDOWS\SYSTEM32\WINMMBASE.dll
0x00007ffd9fa20000 - 0x00007ffd9fa6a000 	C:\WINDOWS\System32\cfgmgr32.dll
0x00007ffd9cc10000 - 0x00007ffd9cc1f000 	C:\Program Files\Android\Android Studio\jre\jre\bin\verify.dll
0x00007ffd9a6c0000 - 0x00007ffd9a6e9000 	C:\Program Files\Android\Android Studio\jre\jre\bin\java.dll
0x00007ffd8e910000 - 0x00007ffd8e926000 	C:\Program Files\Android\Android Studio\jre\jre\bin\zip.dll
0x00007ffda1070000 - 0x00007ffda1755000 	C:\WINDOWS\System32\SHELL32.dll
0x00007ffda0a30000 - 0x00007ffda0ad9000 	C:\WINDOWS\System32\shcore.dll
0x00007ffda0190000 - 0x00007ffda090f000 	C:\WINDOWS\System32\windows.storage.dll
0x00007ffd9f7d0000 - 0x00007ffd9f7ef000 	C:\WINDOWS\System32\profapi.dll
0x00007ffd9f760000 - 0x00007ffd9f7aa000 	C:\WINDOWS\System32\powrprof.dll
0x00007ffd9f730000 - 0x00007ffd9f740000 	C:\WINDOWS\System32\UMPDC.dll
0x00007ffda22f0000 - 0x00007ffda2342000 	C:\WINDOWS\System32\shlwapi.dll
0x00007ffd9f740000 - 0x00007ffd9f751000 	C:\WINDOWS\System32\kernel.appcore.dll
0x00007ffd9fdc0000 - 0x00007ffd9fdd7000 	C:\WINDOWS\System32\cryptsp.dll
0x00007ffd8d460000 - 0x00007ffd8d47a000 	C:\Program Files\Android\Android Studio\jre\jre\bin\net.dll
0x00007ffd9efa0000 - 0x00007ffd9f007000 	C:\WINDOWS\system32\mswsock.dll
0x00007ffd81980000 - 0x00007ffd81991000 	C:\Program Files\Android\Android Studio\jre\jre\bin\nio.dll
0x00007ffd8e9c0000 - 0x00007ffd8e9de000 	C:\Users\Birva\.gradle\native\25\windows-amd64\native-platform.dll
0x00007ffd9c400000 - 0x00007ffd9c40d000 	C:\Program Files\Android\Android Studio\jre\jre\bin\management.dll
0x00007ffd9eb10000 - 0x00007ffd9eb43000 	C:\WINDOWS\system32\rsaenh.dll
0x00007ffd9fc10000 - 0x00007ffd9fc36000 	C:\WINDOWS\System32\bcrypt.dll
0x00007ffd9f620000 - 0x00007ffd9f645000 	C:\WINDOWS\SYSTEM32\USERENV.dll
0x00007ffd9f170000 - 0x00007ffd9f17c000 	C:\WINDOWS\SYSTEM32\CRYPTBASE.dll
0x00007ffd9ecb0000 - 0x00007ffd9ecea000 	C:\WINDOWS\SYSTEM32\IPHLPAPI.DLL
0x00007ffda2660000 - 0x00007ffda2668000 	C:\WINDOWS\System32\NSI.dll
0x00007ffd96300000 - 0x00007ffd96316000 	C:\WINDOWS\SYSTEM32\dhcpcsvc6.DLL
0x00007ffd96fa0000 - 0x00007ffd96fbc000 	C:\WINDOWS\SYSTEM32\dhcpcsvc.DLL
0x00007ffd9ecf0000 - 0x00007ffd9edba000 	C:\WINDOWS\SYSTEM32\DNSAPI.dll

VM Arguments:
jvm_args: -Xmx1536m -Dfile.encoding=windows-1252 -Duser.country=US -Duser.language=en -Duser.variant 
java_command: org.gradle.launcher.daemon.bootstrap.GradleDaemon 5.1.1
java_class_path (initial): C:\Users\Birva\.gradle\wrapper\dists\gradle-5.1.1-all\97z1ksx6lirer3kbvdnh7jtjg\gradle-5.1.1\lib\gradle-launcher-5.1.1.jar
Launcher Type: SUN_STANDARD

Environment Variables:
PATH=C:\Program Files\Java\jdk1.8.0_102\bin;C:\ProgramData\Oracle\Java\javapath;C:\Program Files (x86)\Intel\iCLS Client\;C:\Program Files\Intel\iCLS Client\;C:\WINDOWS\system32;C:\WINDOWS;C:\WINDOWS\System32\Wbem;C:\WINDOWS\System32\WindowsPowerShell\v1.0\;c:\Program Files\Intel\WiFi\bin\;c:\Program Files\Common Files\Intel\WirelessCommon\;C:\Program Files (x86)\Intel\Intel(R) Management Engine Components\DAL;C:\Program Files\Intel\Intel(R) Management Engine Components\DAL;C:\Program Files (x86)\Intel\Intel(R) Management Engine Components\IPT;C:\Program Files\Intel\Intel(R) Management Engine Components\IPT;C:\Program Files\Microsoft\Web Platform Installer\;C:\Program Files (x86)\Microsoft ASP.NET\ASP.NET Web Pages\v1.0\;C:\Program Files (x86)\Windows Kits\8.0\Windows Performance Toolkit\;C:\Program Files\Microsoft SQL Server\110\Tools\Binn\;C:\Program Files\sqlite3;C:\Program Files\nodejs\;C:\WINDOWS\System32\OpenSSH\;C:\Program Files\Git\cmd;C:\Users\Birva\Anaconda3;C:\Users\Birva\Anaconda3\Library\mingw-w64\bin;C:\Users\Birva\Anaconda3\Library\usr\bin;C:\Users\Birva\Anaconda3\Library\bin;C:\Users\Birva\Anaconda3\Scripts;c:\Program Files\Intel\WiFi\bin\;c:\Program Files\Common Files\Intel\WirelessCommon\;C:\Users\Birva\AppData\Local\Microsoft\WindowsApps;C:\Users\Birva\AppData\Local\Google\Cloud SDK\google-cloud-sdk\bin;C:\Dwimperl\c\bin;C:\Dwimperl\perl\site\bin;C:\Dwimperl\perl\bin;C:\Users\Birva\AppData\Roaming\npm;C:\Users\Birva\AppData\Local\Programs\Microsoft VS Code\bin;
USERNAME=Birva
OS=Windows_NT
PROCESSOR_IDENTIFIER=Intel64 Family 6 Model 78 Stepping 3, GenuineIntel



---------------  S Y S T E M  ---------------

OS: Windows 10.0 , 64 bit Build 18362 (10.0.18362.329)

CPU:total 4 (initial active 4) (2 cores per cpu, 2 threads per core) family 6 model 78 stepping 3, cmov, cx8, fxsr, mmx, sse, sse2, sse3, ssse3, sse4.1, sse4.2, popcnt, avx, avx2, aes, clmul, erms, 3dnowpref, lzcnt, ht, tsc, tscinvbit, bmi1, bmi2, adx

Memory: 4k page, physical 8276996k(1354820k free), swap 9325572k(5936k free)

vm_info: OpenJDK 64-Bit Server VM (25.152-b01) for windows-amd64 JRE (1.8.0_152-release-1343-b01), built by "builder" with MS VC++ 10.0 (VS2010)

time: Wed Oct 09 16:16:29 2019
elapsed time: 1657 seconds (0d 0h 27m 37s)

